<?xml version="1.0" encoding="UTF-8"?>
<!-- Generated by org.testng.reporters.JUnitReportReporter -->
<testsuite hostname="DESKTOP-5LTH0LC" failures="0" tests="1" name="testPackage.Test1" time="12.244" errors="0" timestamp="30 May 2025 18:23:06 GMT" skipped="0">
  <testcase classname="testPackage.Test1" name="a" time="12.244"/>
</testsuite> <!-- testPackage.Test1 -->
